  [1m[35m (13.1ms)[0m  [1m[34mSELECT sqlite_version(*)[0m
  [1m[35m (8.8ms)[0m  [1m[35mCREATE TABLE "schema_migrations" ("version" varchar NOT NULL PRIMARY KEY)[0m
  [1m[35m (8.4ms)[0m  [1m[35mCREATE TABLE "ar_internal_metadata" ("key" varchar NOT NULL PRIMARY KEY, "value" varchar, "created_at" datetime(6) NOT NULL, "updated_at" datetime(6) NOT NULL)[0m
  [1m[36mActiveRecord::SchemaMigration Pluck (1.0ms)[0m  [1m[34mSELECT "schema_migrations"."version" FROM "schema_migrations" ORDER BY "schema_migrations"."version" ASC[0m
Migrating to CreateBlogs (20220704132528)
  [1m[36mTRANSACTION (0.2ms)[0m  [1m[36mbegin transaction[0m
  [1m[35m (6.0ms)[0m  [1m[35mCREATE TABLE "blogs" ("id" integer PRIMARY KEY AUTOINCREMENT NOT NULL, "name" varchar, "description" text, "created_at" datetime(6) NOT NULL, "updated_at" datetime(6) NOT NULL)[0m
  [1m[36mActiveRecord::SchemaMigration Create (2.3ms)[0m  [1m[32mINSERT INTO "schema_migrations" ("version") VALUES (?)[0m  [["version", "20220704132528"]]
  [1m[36mTRANSACTION (7.8ms)[0m  [1m[36mcommit transaction[0m
Migrating to CreatePosts (20220704132629)
  [1m[36mTRANSACTION (0.1ms)[0m  [1m[36mbegin transaction[0m
  [1m[35m (4.5ms)[0m  [1m[35mCREATE TABLE "posts" ("id" integer PRIMARY KEY AUTOINCREMENT NOT NULL, "title" varchar, "content" text, "blog_id" integer NOT NULL, "created_at" datetime(6) NOT NULL, "updated_at" datetime(6) NOT NULL, CONSTRAINT "fk_rails_dda555d01f"
FOREIGN KEY ("blog_id")
  REFERENCES "blogs" ("id")
)[0m
  [1m[35m (0.1ms)[0m  [1m[35mCREATE INDEX "index_posts_on_blog_id" ON "posts" ("blog_id")[0m
  [1m[36mActiveRecord::SchemaMigration Create (0.8ms)[0m  [1m[32mINSERT INTO "schema_migrations" ("version") VALUES (?)[0m  [["version", "20220704132629"]]
  [1m[36mTRANSACTION (6.8ms)[0m  [1m[36mcommit transaction[0m
Migrating to CreateMessages (20220704132649)
  [1m[36mTRANSACTION (0.1ms)[0m  [1m[36mbegin transaction[0m
  [1m[35m (4.9ms)[0m  [1m[35mCREATE TABLE "messages" ("id" integer PRIMARY KEY AUTOINCREMENT NOT NULL, "author" varchar, "message" text, "post_id" integer NOT NULL, "created_at" datetime(6) NOT NULL, "updated_at" datetime(6) NOT NULL, CONSTRAINT "fk_rails_f36d097b9e"
FOREIGN KEY ("post_id")
  REFERENCES "posts" ("id")
)[0m
  [1m[35m (0.1ms)[0m  [1m[35mCREATE INDEX "index_messages_on_post_id" ON "messages" ("post_id")[0m
  [1m[36mActiveRecord::SchemaMigration Create (1.0ms)[0m  [1m[32mINSERT INTO "schema_migrations" ("version") VALUES (?)[0m  [["version", "20220704132649"]]
  [1m[36mTRANSACTION (7.0ms)[0m  [1m[36mcommit transaction[0m
  [1m[36mActiveRecord::InternalMetadata Load (1.6ms)[0m  [1m[34mSELECT "ar_internal_metadata".* FROM "ar_internal_metadata" WHERE "ar_internal_metadata"."key" = ? LIMIT ?[0m  [["key", "environment"], ["LIMIT", 1]]
  [1m[36mTRANSACTION (0.1ms)[0m  [1m[36mbegin transaction[0m
  [1m[36mActiveRecord::InternalMetadata Create (6.8ms)[0m  [1m[32mINSERT INTO "ar_internal_metadata" ("key", "value", "created_at", "updated_at") VALUES (?, ?, ?, ?)[0m  [["key", "environment"], ["value", "development"], ["created_at", "2022-07-04 13:27:09.405346"], ["updated_at", "2022-07-04 13:27:09.405346"]]
  [1m[36mTRANSACTION (8.7ms)[0m  [1m[36mcommit transaction[0m
  [1m[35m (0.0ms)[0m  [1m[34mSELECT sqlite_version(*)[0m
  [1m[36mActiveRecord::SchemaMigration Pluck (1.6ms)[0m  [1m[34mSELECT "schema_migrations"."version" FROM "schema_migrations" ORDER BY "schema_migrations"."version" ASC[0m
  [1m[35m (3.6ms)[0m  [1m[34mSELECT sqlite_version(*)[0m
  [1m[36mTRANSACTION (0.0ms)[0m  [1m[36mbegin transaction[0m
  [1m[36mBlog Create (5.7ms)[0m  [1m[32mINSERT INTO "blogs" ("name", "description", "created_at", "updated_at") VALUES (?, ?, ?, ?)[0m  [["name", "Documental"], ["description", "El documental es la expresión de un aspecto de la \nrealidad, mostrada en forma audiovisual."], ["created_at", "2022-07-04 14:29:01.553894"], ["updated_at", "2022-07-04 14:29:01.553894"]]
  [1m[36mTRANSACTION (7.0ms)[0m  [1m[36mcommit transaction[0m
  [1m[36mTRANSACTION (0.1ms)[0m  [1m[36mbegin transaction[0m
  [1m[36mBlog Create (6.9ms)[0m  [1m[32mINSERT INTO "blogs" ("name", "description", "created_at", "updated_at") VALUES (?, ?, ?, ?)[0m  [["name", "Ficción"], ["description", "La ficción es el género audiovisual en el que se presentan \nhistoria que son una simulación de la realidad."], ["created_at", "2022-07-04 14:29:26.664141"], ["updated_at", "2022-07-04 14:29:26.664141"]]
  [1m[36mTRANSACTION (6.0ms)[0m  [1m[36mcommit transaction[0m
  [1m[36mTRANSACTION (0.1ms)[0m  [1m[36mbegin transaction[0m
  [1m[36mBlog Create (5.2ms)[0m  [1m[32mINSERT INTO "blogs" ("name", "description", "created_at", "updated_at") VALUES (?, ?, ?, ?)[0m  [["name", "Animación"], ["description", "La animación es un formato audiovisual donde se genera la \nilusión de movimiento a imágenes, dibujos u otro tipo de objetos inanimados."], ["created_at", "2022-07-04 14:29:43.463083"], ["updated_at", "2022-07-04 14:29:43.463083"]]
  [1m[36mTRANSACTION (5.8ms)[0m  [1m[36mcommit transaction[0m
  [1m[36mTRANSACTION (0.1ms)[0m  [1m[36mbegin transaction[0m
  [1m[36mBlog Create (6.7ms)[0m  [1m[32mINSERT INTO "blogs" ("name", "description", "created_at", "updated_at") VALUES (?, ?, ?, ?)[0m  [["name", "Video Clip"], ["description", "Un video clip es una producción audiovisual realizada \npara la representación o interpretación visual de una canción o de un tema musical."], ["created_at", "2022-07-04 14:29:57.369797"], ["updated_at", "2022-07-04 14:29:57.369797"]]
  [1m[36mTRANSACTION (9.3ms)[0m  [1m[36mcommit transaction[0m
  [1m[36mTRANSACTION (0.1ms)[0m  [1m[36mbegin transaction[0m
  [1m[36mBlog Create (7.0ms)[0m  [1m[32mINSERT INTO "blogs" ("name", "description", "created_at", "updated_at") VALUES (?, ?, ?, ?)[0m  [["name", "Experimental"], ["description", "El formato experimental es una pieza audiovisual que \nmezcla libremente los lenguajes audiovisuales."], ["created_at", "2022-07-04 14:30:10.016091"], ["updated_at", "2022-07-04 14:30:10.016091"]]
  [1m[36mTRANSACTION (6.3ms)[0m  [1m[36mcommit transaction[0m
  [1m[36mBlog Load (1.4ms)[0m  [1m[34mSELECT "blogs".* FROM "blogs" WHERE "blogs"."id" = ? LIMIT ?[0m  [["id", 1], ["LIMIT", 1]]
  [1m[36mTRANSACTION (0.1ms)[0m  [1m[36mbegin transaction[0m
  [1m[36mPost Create (5.5ms)[0m  [1m[32mINSERT INTO "posts" ("title", "content", "blog_id", "created_at", "updated_at") VALUES (?, ?, ?, ?, ?)[0m  [["title", "Tipos de Documental"], ["content", "Contenido 1 ..."], ["blog_id", 1], ["created_at", "2022-07-04 14:30:28.044377"], ["updated_at", "2022-07-04 14:30:28.044377"]]
  [1m[36mTRANSACTION (6.5ms)[0m  [1m[36mcommit transaction[0m
  [1m[36mBlog Load (2.0ms)[0m  [1m[34mSELECT "blogs".* FROM "blogs" WHERE "blogs"."id" = ? LIMIT ?[0m  [["id", 4], ["LIMIT", 1]]
  [1m[36mTRANSACTION (0.1ms)[0m  [1m[36mbegin transaction[0m
  [1m[36mPost Create (5.4ms)[0m  [1m[32mINSERT INTO "posts" ("title", "content", "blog_id", "created_at", "updated_at") VALUES (?, ?, ?, ?, ?)[0m  [["title", "Los videoclip más caros de la Historia"], ["content", "Contenido 2 ..."], ["blog_id", 4], ["created_at", "2022-07-04 14:30:40.303432"], ["updated_at", "2022-07-04 14:30:40.303432"]]
  [1m[36mTRANSACTION (7.1ms)[0m  [1m[36mcommit transaction[0m
  [1m[36mBlog Load (2.2ms)[0m  [1m[34mSELECT "blogs".* FROM "blogs" WHERE "blogs"."id" = ? LIMIT ?[0m  [["id", 3], ["LIMIT", 1]]
  [1m[36mTRANSACTION (0.1ms)[0m  [1m[36mbegin transaction[0m
  [1m[36mPost Create (4.7ms)[0m  [1m[32mINSERT INTO "posts" ("title", "content", "blog_id", "created_at", "updated_at") VALUES (?, ?, ?, ?, ?)[0m  [["title", "Festivales de animación"], ["content", "Contenido 3 ..."], ["blog_id", 3], ["created_at", "2022-07-04 14:30:55.786736"], ["updated_at", "2022-07-04 14:30:55.786736"]]
  [1m[36mTRANSACTION (7.5ms)[0m  [1m[36mcommit transaction[0m
  [1m[36mBlog Load (8.1ms)[0m  [1m[34mSELECT "blogs".* FROM "blogs" WHERE "blogs"."id" = ? LIMIT ?[0m  [["id", 5], ["LIMIT", 1]]
  [1m[36mTRANSACTION (0.4ms)[0m  [1m[36mbegin transaction[0m
  [1m[36mPost Create (24.9ms)[0m  [1m[32mINSERT INTO "posts" ("title", "content", "blog_id", "created_at", "updated_at") VALUES (?, ?, ?, ?, ?)[0m  [["title", "Países precursores"], ["content", "Contenido 4 ..."], ["blog_id", 5], ["created_at", "2022-07-04 14:31:06.235689"], ["updated_at", "2022-07-04 14:31:06.235689"]]
  [1m[36mTRANSACTION (29.3ms)[0m  [1m[36mcommit transaction[0m
  [1m[36mPost Load (1.1ms)[0m  [1m[34mSELECT "posts".* FROM "posts" WHERE "posts"."id" = ? LIMIT ?[0m  [["id", 1], ["LIMIT", 1]]
  [1m[36mTRANSACTION (0.0ms)[0m  [1m[36mbegin transaction[0m
  [1m[36mMessage Create (4.4ms)[0m  [1m[32mINSERT INTO "messages" ("author", "message", "post_id", "created_at", "updated_at") VALUES (?, ?, ?, ?, ?)[0m  [["author", "Theo Rios"], ["message", "Me encanta el genero Documental, ayuda a comprender muchas \ncosas que no conocemos de la sociedad"], ["post_id", 1], ["created_at", "2022-07-04 14:31:32.052253"], ["updated_at", "2022-07-04 14:31:32.052253"]]
  [1m[36mTRANSACTION (6.5ms)[0m  [1m[36mcommit transaction[0m
  [1m[36mPost Load (2.6ms)[0m  [1m[34mSELECT "posts".* FROM "posts" WHERE "posts"."id" = ? LIMIT ?[0m  [["id", 1], ["LIMIT", 1]]
  [1m[36mTRANSACTION (0.1ms)[0m  [1m[36mbegin transaction[0m
  [1m[36mMessage Create (5.2ms)[0m  [1m[32mINSERT INTO "messages" ("author", "message", "post_id", "created_at", "updated_at") VALUES (?, ?, ?, ?, ?)[0m  [["author", "Leon Rios"], ["message", "Saben si existen documentales para niños?"], ["post_id", 1], ["created_at", "2022-07-04 14:31:48.200481"], ["updated_at", "2022-07-04 14:31:48.200481"]]
  [1m[36mTRANSACTION (7.2ms)[0m  [1m[36mcommit transaction[0m
  [1m[35m (3.3ms)[0m  [1m[34mSELECT sqlite_version(*)[0m
  [1m[36mActiveRecord::SchemaMigration Pluck (1.6ms)[0m  [1m[34mSELECT "schema_migrations"."version" FROM "schema_migrations" ORDER BY "schema_migrations"."version" ASC[0m
  [1m[36mActiveRecord::InternalMetadata Load (2.0ms)[0m  [1m[34mSELECT "ar_internal_metadata".* FROM "ar_internal_metadata" WHERE "ar_internal_metadata"."key" = ? LIMIT ?[0m  [["key", "environment"], ["LIMIT", 1]]
  [1m[35m (0.0ms)[0m  [1m[34mSELECT sqlite_version(*)[0m
  [1m[36mActiveRecord::SchemaMigration Pluck (1.1ms)[0m  [1m[34mSELECT "schema_migrations"."version" FROM "schema_migrations" ORDER BY "schema_migrations"."version" ASC[0m
  [1m[35m (3.1ms)[0m  [1m[34mSELECT sqlite_version(*)[0m
  [1m[36mBlog Load (1.2ms)[0m  [1m[34mSELECT "blogs".* FROM "blogs" WHERE "blogs"."id" = ? LIMIT ?[0m  [["id", 1], ["LIMIT", 1]]
  [1m[36mPost Load (1.1ms)[0m  [1m[34mSELECT "posts".* FROM "posts" WHERE "posts"."blog_id" = ?[0m  [["blog_id", 1]]
  [1m[36mBlog Load (2.1ms)[0m  [1m[34mSELECT "blogs".* FROM "blogs" WHERE "blogs"."id" = ? LIMIT ?[0m  [["id", 1], ["LIMIT", 1]]
  [1m[36mPost Load (1.8ms)[0m  [1m[34mSELECT "posts".* FROM "posts" WHERE "posts"."blog_id" = ?[0m  [["blog_id", 1]]
  [1m[36mBlog Load (3.0ms)[0m  [1m[34mSELECT "blogs".* FROM "blogs" ORDER BY "blogs"."id" ASC LIMIT ?[0m  [["LIMIT", 1]]
  [1m[36mPost Load (2.6ms)[0m  [1m[34mSELECT "posts".* FROM "posts" WHERE "posts"."blog_id" = ?[0m  [["blog_id", 1]]
  [1m[36mBlog Load (2.5ms)[0m  [1m[34mSELECT "blogs".* FROM "blogs" WHERE "blogs"."id" = ? LIMIT ?[0m  [["id", 5], ["LIMIT", 1]]
  [1m[36mPost Load (2.7ms)[0m  [1m[34mSELECT "posts".* FROM "posts" WHERE "posts"."blog_id" = ? ORDER BY "posts"."title" DESC[0m  [["blog_id", 5]]
  [1m[36mBlog Load (2.7ms)[0m  [1m[34mSELECT "blogs".* FROM "blogs" ORDER BY "blogs"."id" DESC LIMIT ?[0m  [["LIMIT", 1]]
  [1m[36mPost Load (1.3ms)[0m  [1m[34mSELECT "posts".* FROM "posts" WHERE "posts"."blog_id" = ? ORDER BY "posts"."title" DESC[0m  [["blog_id", 5]]
  [1m[36mPost Load (1.8ms)[0m  [1m[34mSELECT "posts".* FROM "posts" WHERE "posts"."id" = ? LIMIT ?[0m  [["id", 1], ["LIMIT", 1]]
  [1m[36mBlog Load (1.4ms)[0m  [1m[34mSELECT "blogs".* FROM "blogs" WHERE "blogs"."id" = ? LIMIT ?[0m  [["id", 1], ["LIMIT", 1]]
  [1m[36mPost Load (2.9ms)[0m  [1m[34mSELECT "posts".* FROM "posts"[0m
  [1m[36mPost Load (1.8ms)[0m  [1m[34mSELECT "posts".* FROM "posts" WHERE "posts"."id" = ? LIMIT ?[0m  [["id", 1], ["LIMIT", 1]]
  [1m[35m (3.1ms)[0m  [1m[34mSELECT sqlite_version(*)[0m
  [1m[36mActiveRecord::SchemaMigration Pluck (1.3ms)[0m  [1m[34mSELECT "schema_migrations"."version" FROM "schema_migrations" ORDER BY "schema_migrations"."version" ASC[0m
  [1m[36mActiveRecord::InternalMetadata Load (1.1ms)[0m  [1m[34mSELECT "ar_internal_metadata".* FROM "ar_internal_metadata" WHERE "ar_internal_metadata"."key" = ? LIMIT ?[0m  [["key", "environment"], ["LIMIT", 1]]
  [1m[35m (0.0ms)[0m  [1m[34mSELECT sqlite_version(*)[0m
  [1m[36mActiveRecord::SchemaMigration Pluck (1.0ms)[0m  [1m[34mSELECT "schema_migrations"."version" FROM "schema_migrations" ORDER BY "schema_migrations"."version" ASC[0m
  [1m[35m (3.7ms)[0m  [1m[34mSELECT sqlite_version(*)[0m
  [1m[36mPost Load (1.0ms)[0m  [1m[34mSELECT "posts".* FROM "posts" WHERE "posts"."id" = ? LIMIT ?[0m  [["id", 1], ["LIMIT", 1]]
  [1m[36mPost Load (2.8ms)[0m  [1m[34mSELECT "posts".* FROM "posts"[0m
  [1m[36mPost Load (1.8ms)[0m  [1m[34mSELECT "posts".* FROM "posts"[0m
  [1m[36mPost Load (1.8ms)[0m  [1m[34mSELECT "posts".* FROM "posts" WHERE "posts"."id" = ? LIMIT ?[0m  [["id", 1], ["LIMIT", 1]]
  [1m[35m (2.9ms)[0m  [1m[34mSELECT sqlite_version(*)[0m
  [1m[36mActiveRecord::SchemaMigration Pluck (1.4ms)[0m  [1m[34mSELECT "schema_migrations"."version" FROM "schema_migrations" ORDER BY "schema_migrations"."version" ASC[0m
  [1m[36mActiveRecord::InternalMetadata Load (1.0ms)[0m  [1m[34mSELECT "ar_internal_metadata".* FROM "ar_internal_metadata" WHERE "ar_internal_metadata"."key" = ? LIMIT ?[0m  [["key", "environment"], ["LIMIT", 1]]
  [1m[35m (0.0ms)[0m  [1m[34mSELECT sqlite_version(*)[0m
  [1m[36mActiveRecord::SchemaMigration Pluck (1.1ms)[0m  [1m[34mSELECT "schema_migrations"."version" FROM "schema_migrations" ORDER BY "schema_migrations"."version" ASC[0m
  [1m[35m (3.3ms)[0m  [1m[34mSELECT sqlite_version(*)[0m
  [1m[36mPost Load (1.2ms)[0m  [1m[34mSELECT "posts".* FROM "posts" WHERE "posts"."id" = ? LIMIT ?[0m  [["id", 3], ["LIMIT", 1]]
  [1m[36mTRANSACTION (0.1ms)[0m  [1m[36mbegin transaction[0m
  [1m[36mMessage Load (0.2ms)[0m  [1m[34mSELECT "messages".* FROM "messages" WHERE "messages"."post_id" = ?[0m  [["post_id", 3]]
  [1m[36mPost Destroy (3.4ms)[0m  [1m[31mDELETE FROM "posts" WHERE "posts"."id" = ?[0m  [["id", 3]]
  [1m[36mTRANSACTION (5.6ms)[0m  [1m[36mcommit transaction[0m
  [1m[36mBlog Load (2.1ms)[0m  [1m[34mSELECT "blogs".* FROM "blogs"[0m
  [1m[36mPost Load (2.2ms)[0m  [1m[34mSELECT "posts".* FROM "posts" WHERE "posts"."id" = ? LIMIT ?[0m  [["id", 3], ["LIMIT", 1]]
  [1m[36mBlog Load (2.6ms)[0m  [1m[34mSELECT "blogs".* FROM "blogs"[0m
  [1m[36mBlog Load (1.7ms)[0m  [1m[34mSELECT "blogs".* FROM "blogs" WHERE (id < 5)[0m
